<?xml version="1.0" encoding="UTF-8"?>
<!-- Generated by org.testng.reporters.JUnitReportReporter -->
<testsuite skipped="0" hostname="system8-PC" name="maven.SriNK.log4jExptestNG" tests="1" failures="0" timestamp="07 Sep 2018 09:12:57 GMT" time="0.000" errors="0">
  <testcase name="logs" time="0.000" classname="maven.SriNK.log4jExptestNG"/>
</testsuite> <!-- maven.SriNK.log4jExptestNG -->
