<?xml version="1.0" encoding="UTF-8"?>
<!-- Generated by org.testng.reporters.JUnitReportReporter -->
<testsuite skipped="0" hostname="system8-PC" name="maven.SriNK.readexcel" tests="2" failures="0" timestamp="07 Sep 2018 09:12:57 GMT" time="31.218" errors="0">
  <testcase name="Links" time="14.600" classname="maven.SriNK.readexcel"/>
  <testcase name="logs" time="16.618" classname="maven.SriNK.readexcel"/>
</testsuite> <!-- maven.SriNK.readexcel -->
