<?xml version="1.0" encoding="UTF-8"?>
<!-- Generated by org.testng.reporters.JUnitReportReporter -->
<testsuite skipped="0" hostname="system8-PC" name="maven.SriNK.readexcel" tests="2" failures="0" timestamp="07 Sep 2018 05:43:14 GMT" time="29.379" errors="0">
  <testcase name="Links" time="15.422" classname="maven.SriNK.readexcel"/>
  <testcase name="logs" time="13.957" classname="maven.SriNK.readexcel"/>
</testsuite> <!-- maven.SriNK.readexcel -->
